This is pdfTeX, Version 3.14159265-2.6-1.40.16 (TeX Live 2015/Debian) (preloaded format=pdflatex 2018.2.27)  21 MAR 2018 15:59
entering extended mode
 restricted \write18 enabled.
 %&-line parsing enabled.
**031218_Daniel_offset_report.tex
(./031218_Daniel_offset_report.tex
LaTeX2e <2016/02/01>
Babel <3.9q> and hyphenation patterns for 3 language(s) loaded.
(/usr/share/texlive/texmf-dist/tex/latex/revtex/revtex4-1.cls
Document Class: revtex4-1 2010/07/25/20:33:00 4.1r (http://publish.aps.org/revt
ex4/ for documentation)
 Copyright (c) 2009 The American Physical Society.
 mailto:revtex@aps.org
 Licensed under the LPPL:
http://www.ctan.org/tex-archive/macros/latex/base/lppl.txt
 Arthur Ogawa <arthur_ogawa at sbcglobal dot net>
 Based on work by David Carlisle <david at dcarlisle.demon.co.uk>.
ltxutil[2010/07/25/20:33:00 4.1r utilities package (portions licensed from W. E
. Baxter web at superscript.com)]
LaTeX Info: Redefining \@centercr on input line 308.
Class revtex4-1 Info: Repairing broken LaTeX eqnarray on input line 358.
\eqncolsep=\skip41
Class revtex4-1 Info: Repairing hyperref-unfriendly LaTeX definition of \mpfoot
note on input line 433.
Class revtex4-1 Info: Repairing broken LateX \@sect on input line 755.
\intertabularlinepenalty=\count79
\@tbpen=\count80
\@arstrutbox@hline=\box26
Class revtex4-1 Info: Repairing broken LaTeX \@xbitor on input line 1786.
Class revtex4-1 Info: Making \typeout \long on input line 2046.
ltxfront[2010/07/25/20:33:00 4.1r frontmatter package (AO,DPC)]
\c@affil=\count81
\c@collab=\count82
\absbox=\box27
ltxgrid[2010/07/25/20:33:00 4.1r page grid package (portions licensed from W. E
. Baxter web at superscript.com)]
\c@linecount=\count83
\output@latex=\toks14
\box@size@1=\box28
\box@size@2=\box29
\@protection@box=\box30
\@topmark@saved=\toks15
\footins@saved=\box31
\footins@recovered=\box32
\column@recovered=\box33
\pagesofar=\box34
\footsofar=\box35
\pagegrid@col=\count84
Class revtex4-1 Info: Overriding \@vspace, \@vspacer, \@no@pgbk, \@newline, and
 \\  on input line 5578.
\c@part=\count85
\c@section=\count86
\c@subsection=\count87
\c@subsubsection=\count88
\c@paragraph=\count89
\c@subparagraph=\count90
\abovecaptionskip=\skip42
\belowcaptionskip=\skip43
\c@figure=\count91
\fbox@1=\box36
\c@table=\count92
\fbox@2=\box37
\c@video=\count93
\fbox@4=\box38
\@bibdataout=\write3
\widetext@top=\box39
\widetext@bot=\box40
Class revtex4-1 Info: Selecting society aps on input line 7542.
(/usr/share/texlive/texmf-dist/tex/latex/revtex/aps4-1.rtx
File: aps4-1 2010/07/25/20:33:00 4.1r (http://publish.aps.org/revtex4/ for docu
mentation)
Class revtex4-1 Info: RevTeX society APS selected on input line 31.
)

Class revtex4-1 Warning: No journal specified, using default pra.

Class revtex4-1 Info: APS journal PRA selected on input line 7545.

Class revtex4-1 Warning: No type size specified, using default 10.

(/usr/share/texlive/texmf-dist/tex/latex/revtex/aps10pt4-1.rtx
File: aps10pt4-1 2010/07/25/20:33:00 4.1r (http://publish.aps.org/revtex4/ for 
documentation)
Class revtex4-1 Info: RevTeX pointsize 10pt selected on input line 30.
)
(/usr/share/texlive/texmf-dist/tex/latex/textcase/textcase.sty
Package: textcase 2004/10/07 v0.07 Text only upper/lower case changing (DPC)
)
(/usr/share/texlive/texmf-dist/tex/latex/amsfonts/amssymb.sty
Package: amssymb 2013/01/14 v3.01 AMS font symbols

(/usr/share/texlive/texmf-dist/tex/latex/amsfonts/amsfonts.sty
Package: amsfonts 2013/01/14 v3.01 Basic AMSFonts support
\@emptytoks=\toks16
\symAMSa=\mathgroup4
\symAMSb=\mathgroup5
LaTeX Font Info:    Overwriting math alphabet `\mathfrak' in version `bold'
(Font)                  U/euf/m/n --> U/euf/b/n on input line 106.
))
(/usr/share/texlive/texmf-dist/tex/latex/amsmath/amsmath.sty
Package: amsmath 2016/03/03 v2.15a AMS math features
\@mathmargin=\skip44

For additional information on amsmath, use the `?' option.
(/usr/share/texlive/texmf-dist/tex/latex/amsmath/amstext.sty
Package: amstext 2000/06/29 v2.01 AMS text

(/usr/share/texlive/texmf-dist/tex/latex/amsmath/amsgen.sty
File: amsgen.sty 1999/11/30 v2.0 generic functions
\@emptytoks=\toks17
\ex@=\dimen102
)
LaTeX Info: Redefining \text on input line 28.
)
(/usr/share/texlive/texmf-dist/tex/latex/amsmath/amsbsy.sty
Package: amsbsy 1999/11/29 v1.2d Bold Symbols
\pmbraise@=\dimen103
)
(/usr/share/texlive/texmf-dist/tex/latex/amsmath/amsopn.sty
Package: amsopn 1999/12/14 v2.01 operator names
)
\inf@bad=\count94
LaTeX Info: Redefining \frac on input line 199.
\uproot@=\count95
\leftroot@=\count96
LaTeX Info: Redefining \overline on input line 297.
\classnum@=\count97
\DOTSCASE@=\count98
LaTeX Info: Redefining \ldots on input line 394.
LaTeX Info: Redefining \dots on input line 397.
LaTeX Info: Redefining \cdots on input line 518.
\Mathstrutbox@=\box41
\strutbox@=\box42
\big@size=\dimen104
LaTeX Font Info:    Redeclaring font encoding OML on input line 630.
LaTeX Font Info:    Redeclaring font encoding OMS on input line 631.
\macc@depth=\count99
\c@MaxMatrixCols=\count100
\dotsspace@=\muskip10
\c@parentequation=\count101
\dspbrk@lvl=\count102
\tag@help=\toks18
\row@=\count103
\column@=\count104
\maxfields@=\count105
\andhelp@=\toks19
\eqnshift@=\dimen105
\alignsep@=\dimen106
\tagshift@=\dimen107
\tagwidth@=\dimen108
\totwidth@=\dimen109
\lineht@=\dimen110
\@envbody=\toks20
\multlinegap=\skip45
\multlinetaggap=\skip46
\mathdisplay@stack=\toks21
LaTeX Info: Redefining \[ on input line 2735.
LaTeX Info: Redefining \] on input line 2736.
)
(/usr/share/texlive/texmf-dist/tex/latex/url/url.sty
\Urlmuskip=\muskip11
Package: url 2013/09/16  ver 3.4  Verb mode for urls, etc.
)
(/usr/share/texlive/texmf-dist/tex/latex/natbib/natbib.sty
Package: natbib 2010/09/13 8.31b (PWD, AO)
\bibhang=\skip47
\bibsep=\skip48
LaTeX Info: Redefining \cite on input line 694.
\c@NAT@ctr=\count106
)
Class revtex4-1 Info: Repairing natbib's \BibitemShut on input line 7549.

(/usr/share/texlive/texmf-dist/tex/latex/revtex/revsymb4-1.sty
Package: revsymb4-1 2010/07/25/20:33:00 4.1r (http://publish.aps.org/revtex4/ f
or documentation)
LaTeX Info: Redefining \frak on input line 95.
LaTeX Info: Redefining \Bbb on input line 111.
LaTeX Info: Redefining \REV@mathfrak on input line 119.
))
(/usr/share/texlive/texmf-dist/tex/latex/graphics/graphicx.sty
Package: graphicx 2014/10/28 v1.0g Enhanced LaTeX Graphics (DPC,SPQR)

(/usr/share/texlive/texmf-dist/tex/latex/graphics/keyval.sty
Package: keyval 2014/10/28 v1.15 key=value parser (DPC)
\KV@toks@=\toks22
)
(/usr/share/texlive/texmf-dist/tex/latex/graphics/graphics.sty
Package: graphics 2016/01/03 v1.0q Standard LaTeX Graphics (DPC,SPQR)

(/usr/share/texlive/texmf-dist/tex/latex/graphics/trig.sty
Package: trig 2016/01/03 v1.10 sin cos tan (DPC)
)
(/usr/share/texlive/texmf-dist/tex/latex/latexconfig/graphics.cfg
File: graphics.cfg 2010/04/23 v1.9 graphics configuration of TeX Live
)
Package graphics Info: Driver file: pdftex.def on input line 95.

(/usr/share/texlive/texmf-dist/tex/latex/pdftex-def/pdftex.def
File: pdftex.def 2011/05/27 v0.06d Graphics/color for pdfTeX

(/usr/share/texlive/texmf-dist/tex/generic/oberdiek/infwarerr.sty
Package: infwarerr 2010/04/08 v1.3 Providing info/warning/error messages (HO)
)
(/usr/share/texlive/texmf-dist/tex/generic/oberdiek/ltxcmds.sty
Package: ltxcmds 2011/11/09 v1.22 LaTeX kernel commands for general use (HO)
)
\Gread@gobject=\count107
))
\Gin@req@height=\dimen111
\Gin@req@width=\dimen112
)
(/usr/share/texlive/texmf-dist/tex/latex/tools/bm.sty
Package: bm 2014/10/28 v1.1c Bold Symbol Support (DPC/FMi)
\symboldoperators=\mathgroup6
\symboldletters=\mathgroup7
\symboldsymbols=\mathgroup8
LaTeX Font Info:    Redeclaring math alphabet \mathbf on input line 141.
LaTeX Info: Redefining \bm on input line 207.
)
(/usr/share/texlive/texmf-dist/tex/latex/lipsum/lipsum.sty
Package: lipsum 2014/07/27 v1.3 150 paragraphs of Lorem Ipsum dummy text
\c@lips@count=\count108
)
(/usr/share/texlive/texmf-dist/tex/latex/hyperref/hyperref.sty
Package: hyperref 2012/11/06 v6.83m Hypertext links for LaTeX

(/usr/share/texlive/texmf-dist/tex/generic/oberdiek/hobsub-hyperref.sty
Package: hobsub-hyperref 2012/05/28 v1.13 Bundle oberdiek, subset hyperref (HO)


(/usr/share/texlive/texmf-dist/tex/generic/oberdiek/hobsub-generic.sty
Package: hobsub-generic 2012/05/28 v1.13 Bundle oberdiek, subset generic (HO)
Package: hobsub 2012/05/28 v1.13 Construct package bundles (HO)
Package hobsub Info: Skipping package `infwarerr' (already loaded).
Package hobsub Info: Skipping package `ltxcmds' (already loaded).
Package: ifluatex 2010/03/01 v1.3 Provides the ifluatex switch (HO)
Package ifluatex Info: LuaTeX not detected.
Package: ifvtex 2010/03/01 v1.5 Detect VTeX and its facilities (HO)
Package ifvtex Info: VTeX not detected.
Package: intcalc 2007/09/27 v1.1 Expandable calculations with integers (HO)
Package: ifpdf 2011/01/30 v2.3 Provides the ifpdf switch (HO)
Package ifpdf Info: pdfTeX in PDF mode is detected.
Package: etexcmds 2011/02/16 v1.5 Avoid name clashes with e-TeX commands (HO)
Package etexcmds Info: Could not find \expanded.
(etexcmds)             That can mean that you are not using pdfTeX 1.50 or
(etexcmds)             that some package has redefined \expanded.
(etexcmds)             In the latter case, load this package earlier.
Package: kvsetkeys 2012/04/25 v1.16 Key value parser (HO)
Package: kvdefinekeys 2011/04/07 v1.3 Define keys (HO)
Package: pdftexcmds 2011/11/29 v0.20 Utility functions of pdfTeX for LuaTeX (HO
)
Package pdftexcmds Info: LuaTeX not detected.
Package pdftexcmds Info: \pdf@primitive is available.
Package pdftexcmds Info: \pdf@ifprimitive is available.
Package pdftexcmds Info: \pdfdraftmode found.
Package: pdfescape 2011/11/25 v1.13 Implements pdfTeX's escape features (HO)
Package: bigintcalc 2012/04/08 v1.3 Expandable calculations on big integers (HO
)
Package: bitset 2011/01/30 v1.1 Handle bit-vector datatype (HO)
Package: uniquecounter 2011/01/30 v1.2 Provide unlimited unique counter (HO)
)
Package hobsub Info: Skipping package `hobsub' (already loaded).
Package: letltxmacro 2010/09/02 v1.4 Let assignment for LaTeX macros (HO)
Package: hopatch 2012/05/28 v1.2 Wrapper for package hooks (HO)
Package: xcolor-patch 2011/01/30 xcolor patch
Package: atveryend 2011/06/30 v1.8 Hooks at the very end of document (HO)
Package: atbegshi 2011/10/05 v1.16 At begin shipout hook (HO)
Package: refcount 2011/10/16 v3.4 Data extraction from label references (HO)
Package: hycolor 2011/01/30 v1.7 Color options for hyperref/bookmark (HO)
)
(/usr/share/texlive/texmf-dist/tex/generic/ifxetex/ifxetex.sty
Package: ifxetex 2010/09/12 v0.6 Provides ifxetex conditional
)
(/usr/share/texlive/texmf-dist/tex/latex/oberdiek/auxhook.sty
Package: auxhook 2011/03/04 v1.3 Hooks for auxiliary files (HO)
)
(/usr/share/texlive/texmf-dist/tex/latex/oberdiek/kvoptions.sty
Package: kvoptions 2011/06/30 v3.11 Key value format for package options (HO)
)
\@linkdim=\dimen113
\Hy@linkcounter=\count109
\Hy@pagecounter=\count110

(/usr/share/texlive/texmf-dist/tex/latex/hyperref/pd1enc.def
File: pd1enc.def 2012/11/06 v6.83m Hyperref: PDFDocEncoding definition (HO)
)
\Hy@SavedSpaceFactor=\count111

(/usr/share/texlive/texmf-dist/tex/latex/latexconfig/hyperref.cfg
File: hyperref.cfg 2002/06/06 v1.2 hyperref configuration of TeXLive
)
Package hyperref Info: Option `colorlinks' set `true' on input line 4319.
Package hyperref Info: Hyper figures OFF on input line 4443.
Package hyperref Info: Link nesting OFF on input line 4448.
Package hyperref Info: Hyper index ON on input line 4451.
Package hyperref Info: Plain pages OFF on input line 4458.
Package hyperref Info: Backreferencing OFF on input line 4463.
Package hyperref Info: Implicit mode ON; LaTeX internals redefined.
Package hyperref Info: Bookmarks ON on input line 4688.
LaTeX Info: Redefining \href on input line 4952.
\c@Hy@tempcnt=\count112
LaTeX Info: Redefining \url on input line 5041.
\XeTeXLinkMargin=\dimen114
\Fld@menulength=\count113
\Field@Width=\dimen115
\Fld@charsize=\dimen116
Package hyperref Info: Hyper figures OFF on input line 6295.
Package hyperref Info: Link nesting OFF on input line 6300.
Package hyperref Info: Hyper index ON on input line 6303.
Package hyperref Info: backreferencing OFF on input line 6310.
Package hyperref Info: Link coloring ON on input line 6313.
Package hyperref Info: Link coloring with OCG OFF on input line 6320.
Package hyperref Info: PDF/A mode OFF on input line 6325.
LaTeX Info: Redefining \ref on input line 6365.
LaTeX Info: Redefining \pageref on input line 6369.
\Hy@abspage=\count114
\c@Item=\count115
\c@Hfootnote=\count116
)

Package hyperref Message: Driver (autodetected): hpdftex.

(/usr/share/texlive/texmf-dist/tex/latex/hyperref/hpdftex.def
File: hpdftex.def 2012/11/06 v6.83m Hyperref driver for pdfTeX
\Fld@listcount=\count117
\c@bookmark@seq@number=\count118

(/usr/share/texlive/texmf-dist/tex/latex/oberdiek/rerunfilecheck.sty
Package: rerunfilecheck 2011/04/15 v1.7 Rerun checks for auxiliary files (HO)
Package uniquecounter Info: New unique counter `rerunfilecheck' on input line 2
82.
)
\Hy@SectionHShift=\skip49
)
(./graphics_path.tex)
Class revtex4-1 Info: Patching LaTeX tabular. on input line 20.
Class revtex4-1 Info: Robustifying \LaTeX's \boldmath command on input line 20.

Class revtex4-1 Info: cite was not loaded (OK!) on input line 20.
Class revtex4-1 Info: mcite was not loaded (OK!) on input line 20.
Class revtex4-1 Info: multicol was not loaded (OK!) on input line 20.
 (./031218_Daniel_offset_report.aux)
\openout1 = `031218_Daniel_offset_report.aux'.

LaTeX Font Info:    Checking defaults for OML/cmm/m/it on input line 20.
LaTeX Font Info:    ... okay on input line 20.
LaTeX Font Info:    Checking defaults for T1/cmr/m/n on input line 20.
LaTeX Font Info:    ... okay on input line 20.
LaTeX Font Info:    Checking defaults for OT1/cmr/m/n on input line 20.
LaTeX Font Info:    ... okay on input line 20.
LaTeX Font Info:    Checking defaults for OMS/cmsy/m/n on input line 20.
LaTeX Font Info:    ... okay on input line 20.
LaTeX Font Info:    Checking defaults for OMX/cmex/m/n on input line 20.
LaTeX Font Info:    ... okay on input line 20.
LaTeX Font Info:    Checking defaults for U/cmr/m/n on input line 20.
LaTeX Font Info:    ... okay on input line 20.
LaTeX Font Info:    Checking defaults for PD1/pdf/m/n on input line 20.
LaTeX Font Info:    ... okay on input line 20.

(/usr/share/texlive/texmf-dist/tex/context/base/supp-pdf.mkii
[Loading MPS to PDF converter (version 2006.09.02).]
\scratchcounter=\count119
\scratchdimen=\dimen117
\scratchbox=\box43
\nofMPsegments=\count120
\nofMParguments=\count121
\everyMPshowfont=\toks23
\MPscratchCnt=\count122
\MPscratchDim=\dimen118
\MPnumerator=\count123
\makeMPintoPDFobject=\count124
\everyMPtoPDFconversion=\toks24
) (/usr/share/texlive/texmf-dist/tex/latex/oberdiek/epstopdf-base.sty
Package: epstopdf-base 2010/02/09 v2.5 Base part for package epstopdf

(/usr/share/texlive/texmf-dist/tex/latex/oberdiek/grfext.sty
Package: grfext 2010/08/19 v1.1 Manage graphics extensions (HO)
)
Package grfext Info: Graphics extension search list:
(grfext)             [.png,.pdf,.jpg,.mps,.jpeg,.jbig2,.jb2,.PNG,.PDF,.JPG,.JPE
G,.JBIG2,.JB2,.eps]
(grfext)             \AppendGraphicsExtensions on input line 452.

(/usr/share/texlive/texmf-dist/tex/latex/latexconfig/epstopdf-sys.cfg
File: epstopdf-sys.cfg 2010/07/13 v1.3 Configuration of (r)epstopdf for TeX Liv
e
))
\AtBeginShipoutBox=\box44

(/usr/share/texlive/texmf-dist/tex/latex/graphics/color.sty
Package: color 2016/01/03 v1.1b Standard LaTeX Color (DPC)

(/usr/share/texlive/texmf-dist/tex/latex/latexconfig/color.cfg
File: color.cfg 2007/01/18 v1.5 color configuration of teTeX/TeXLive
)
Package color Info: Driver file: pdftex.def on input line 143.
)
Package hyperref Info: Link coloring ON on input line 20.

(/usr/share/texlive/texmf-dist/tex/latex/hyperref/nameref.sty
Package: nameref 2012/10/27 v2.43 Cross-referencing by name of section

(/usr/share/texlive/texmf-dist/tex/generic/oberdiek/gettitlestring.sty
Package: gettitlestring 2010/12/03 v1.4 Cleanup title references (HO)
)
\c@section@level=\count125
)
LaTeX Info: Redefining \ref on input line 20.
LaTeX Info: Redefining \pageref on input line 20.
LaTeX Info: Redefining \nameref on input line 20.

(./031218_Daniel_offset_report.out) (./031218_Daniel_offset_report.out)
\@outlinefile=\write4
\openout4 = `031218_Daniel_offset_report.out'.

Class revtex4-1 Info: Taking \maketitle back from hyperref on input line 20.
\openout3 = `031218_Daniel_offset_reportNotes.bib'.


(./abstract.tex
LaTeX Font Info:    Try loading font information for U+msa on input line 1.
 (/usr/share/texlive/texmf-dist/tex/latex/amsfonts/umsa.fd
File: umsa.fd 2013/01/14 v3.01 AMS symbols A
)
LaTeX Font Info:    Try loading font information for U+msb on input line 1.

(/usr/share/texlive/texmf-dist/tex/latex/amsfonts/umsb.fd
File: umsb.fd 2013/01/14 v3.01 AMS symbols B
))
<../../plots/pictures/hfng.jpg, id=59, 1120.185pt x 840.13875pt>
File: ../../plots/pictures/hfng.jpg Graphic file (type jpg)

<use ../../plots/pictures/hfng.jpg>
Package pdftex.def Info: ../../plots/pictures/hfng.jpg used on input line 43.
(pdftex.def)             Requested size: 199.16928pt x 149.37244pt.

Underfull \hbox (badness 10000) in paragraph at lines 55--56

 []

(./flux_summary.tex)
Underfull \hbox (badness 10000) in paragraph at lines 68--69

 []

(./sample_mass.tex)
Underfull \hbox (badness 10000) in paragraph at lines 78--79

 []

[1{/var/lib/texmf/fonts/map/pdftex/updmap/pdftex.map} <../../plots/pictures/hfn
g.jpg>] (./sample_positions.tex)
Underfull \hbox (badness 10000) in paragraph at lines 129--130

 []

(./irradiation_history.tex) (./batemann.tex
<../../plots/031218_Daniel_offset/monitors/58CO_batemann.pdf, id=83, 462.52798p
t x 346.89601pt>
File: ../../plots/031218_Daniel_offset/monitors/58CO_batemann.pdf Graphic file 
(type pdf)

<use ../../plots/031218_Daniel_offset/monitors/58CO_batemann.pdf>
Package pdftex.def Info: ../../plots/031218_Daniel_offset/monitors/58CO_bateman
n.pdf used on input line 2.
(pdftex.def)             Requested size: 256.0748pt x 192.06375pt.

Overfull \hbox (10.0748pt too wide) in paragraph at lines 2--3
 [][] 
 []

) [2]

LaTeX Warning: A float is stuck (cannot be placed) on input line 157.


LaTeX Warning: A float is stuck (cannot be placed) on input line 157.


Class revtex4-1 Warning: Deferred float stuck during \clearpage processing.


<../../plots/031218_Daniel_offset/calibration/energy_calibration.pdf, id=98, 46
2.52798pt x 346.89601pt>
File: ../../plots/031218_Daniel_offset/calibration/energy_calibration.pdf Graph
ic file (type pdf)

<use ../../plots/031218_Daniel_offset/calibration/energy_calibration.pdf>
Package pdftex.def Info: ../../plots/031218_Daniel_offset/calibration/energy_ca
libration.pdf used on input line 170.
(pdftex.def)             Requested size: 256.0748pt x 192.06375pt.

Overfull \hbox (10.0748pt too wide) in paragraph at lines 170--171
 [][] 
 []


<../../plots/031218_Daniel_offset/calibration/efficiency_calibration.pdf, id=10
0, 462.52798pt x 346.89601pt>
File: ../../plots/031218_Daniel_offset/calibration/efficiency_calibration.pdf G
raphic file (type pdf)

<use ../../plots/031218_Daniel_offset/calibration/efficiency_calibration.pdf>
Package pdftex.def Info: ../../plots/031218_Daniel_offset/calibration/efficienc
y_calibration.pdf used on input line 185.
(pdftex.def)             Requested size: 256.0748pt x 192.06375pt.

Overfull \hbox (10.0748pt too wide) in paragraph at lines 185--186
 [][] 
 []


<../../plots/031218_Daniel_offset/calibration/resolution_calibration.pdf, id=10
3, 462.52798pt x 346.89601pt>
File: ../../plots/031218_Daniel_offset/calibration/resolution_calibration.pdf G
raphic file (type pdf)

<use ../../plots/031218_Daniel_offset/calibration/resolution_calibration.pdf>
Package pdftex.def Info: ../../plots/031218_Daniel_offset/calibration/resolutio
n_calibration.pdf used on input line 201.
(pdftex.def)             Requested size: 256.0748pt x 192.06375pt.

Overfull \hbox (10.0748pt too wide) in paragraph at lines 201--202
 [][] 
 []

[3 <../../plots/031218_Daniel_offset/monitors/58CO_batemann.pdf> <../../plots/0
31218_Daniel_offset/calibration/energy_calibration.pdf

pdfTeX warning: pdflatex (file ../../plots/031218_Daniel_offset/calibration/ene
rgy_calibration.pdf): PDF inclusion: multiple pdfs with page group included in 
a single page
> <../../plots/031218_Daniel_offset/calibration/efficiency_calibration.pdf

pdfTeX warning: pdflatex (file ../../plots/031218_Daniel_offset/calibration/eff
iciency_calibration.pdf): PDF inclusion: multiple pdfs with page group included
 in a single page
>]

LaTeX Warning: A float is stuck (cannot be placed) on input line 211.


LaTeX Warning: A float is stuck (cannot be placed) on input line 211.


Class revtex4-1 Warning: Deferred float stuck during \clearpage processing.


Underfull \hbox (badness 10000) in paragraph at lines 229--230

 []


<../../plots/031218_Daniel_offset/monitors/energy_angle.pdf, id=265, 462.52798p
t x 346.89601pt>
File: ../../plots/031218_Daniel_offset/monitors/energy_angle.pdf Graphic file (
type pdf)

<use ../../plots/031218_Daniel_offset/monitors/energy_angle.pdf>
Package pdftex.def Info: ../../plots/031218_Daniel_offset/monitors/energy_angle
.pdf used on input line 245.
(pdftex.def)             Requested size: 256.0748pt x 192.06375pt.

Overfull \hbox (10.0748pt too wide) in paragraph at lines 245--246
 [][] 
 []


Underfull \hbox (badness 10000) in paragraph at lines 258--259

 []

[4 <../../plots/031218_Daniel_offset/calibration/resolution_calibration.pdf> <.
./../plots/031218_Daniel_offset/monitors/energy_angle.pdf

pdfTeX warning: pdflatex (file ../../plots/031218_Daniel_offset/monitors/energy
_angle.pdf): PDF inclusion: multiple pdfs with page group included in a single 
page
>]
<../../plots/031218_Daniel_offset/monitors/intensity_angle.pdf, id=361, 462.527
98pt x 346.89601pt>
File: ../../plots/031218_Daniel_offset/monitors/intensity_angle.pdf Graphic fil
e (type pdf)

<use ../../plots/031218_Daniel_offset/monitors/intensity_angle.pdf>
Package pdftex.def Info: ../../plots/031218_Daniel_offset/monitors/intensity_an
gle.pdf used on input line 275.
(pdftex.def)             Requested size: 256.0748pt x 192.06375pt.

Overfull \hbox (10.0748pt too wide) in paragraph at lines 275--276
 [][] 
 []

<../../plots/pictures/MC201_Graphic.png, id=363, 963.6pt x 722.7pt>
File: ../../plots/pictures/MC201_Graphic.png Graphic file (type png)

<use ../../plots/pictures/MC201_Graphic.png>
Package pdftex.def Info: ../../plots/pictures/MC201_Graphic.png used on input l
ine 292.
(pdftex.def)             Requested size: 256.0748pt x 192.05493pt.

Overfull \hbox (10.0748pt too wide) in paragraph at lines 292--293
 [][] 
 []

(./flux_plots.tex
<../../plots/031218_Daniel_offset/monitors/008False.pdf, id=364, 462.52798pt x 
346.89601pt>
File: ../../plots/031218_Daniel_offset/monitors/008False.pdf Graphic file (type
 pdf)
 <use ../../plots/031218_Daniel_offset/monitors/008False.pdf>
Package pdftex.def Info: ../../plots/031218_Daniel_offset/monitors/008False.pdf
 used on input line 2.
(pdftex.def)             Requested size: 256.0748pt x 192.06375pt.

Overfull \hbox (10.0748pt too wide) in paragraph at lines 2--3
 [][] 
 []

) (./monitor_xs.tex
<../../plots/031218_Daniel_offset/cross_sections/58NI_n_p_58CO.pdf, id=366, 462
.52798pt x 346.89601pt>
File: ../../plots/031218_Daniel_offset/cross_sections/58NI_n_p_58CO.pdf Graphic
 file (type pdf)

<use ../../plots/031218_Daniel_offset/cross_sections/58NI_n_p_58CO.pdf>
Package pdftex.def Info: ../../plots/031218_Daniel_offset/cross_sections/58NI_n
_p_58CO.pdf used on input line 2.
(pdftex.def)             Requested size: 256.0748pt x 192.06375pt.

Overfull \hbox (10.0748pt too wide) in paragraph at lines 2--3
 [][] 
 []

)
Underfull \hbox (badness 10000) in paragraph at lines 306--307

 []

[5 <../../plots/031218_Daniel_offset/monitors/intensity_angle.pdf> <../../plots
/pictures/MC201_Graphic.png (PNG copy)> <../../plots/031218_Daniel_offset/monit
ors/008False.pdf

pdfTeX warning: pdflatex (file ../../plots/031218_Daniel_offset/monitors/008Fal
se.pdf): PDF inclusion: multiple pdfs with page group included in a single page

>]

LaTeX Warning: A float is stuck (cannot be placed) on input line 307.


LaTeX Warning: A float is stuck (cannot be placed) on input line 307.


Class revtex4-1 Warning: Deferred float stuck during \clearpage processing.

(./monitor_table.tex)
Overfull \hbox (5.30608pt too wide) in alignment at lines 309--313
 [] [] [] [] 
 []

(./decay_curves.tex
<../../plots/031218_Daniel_offset/decay_curves/031218_nickel_58CO.pdf, id=466, 
462.52798pt x 346.89601pt>
File: ../../plots/031218_Daniel_offset/decay_curves/031218_nickel_58CO.pdf Grap
hic file (type pdf)

<use ../../plots/031218_Daniel_offset/decay_curves/031218_nickel_58CO.pdf>
Package pdftex.def Info: ../../plots/031218_Daniel_offset/decay_curves/031218_n
ickel_58CO.pdf used on input line 2.
(pdftex.def)             Requested size: 256.0748pt x 192.06375pt.

Overfull \hbox (10.0748pt too wide) in paragraph at lines 2--3
 [][] 
 []

)
Underfull \hbox (badness 10000) in paragraph at lines 337--338

 []

(./flux_detailed.tex) [6 <../../plots/031218_Daniel_offset/cross_sections/58NI_
n_p_58CO.pdf> <../../plots/031218_Daniel_offset/decay_curves/031218_nickel_58CO
.pdf

pdfTeX warning: pdflatex (file ../../plots/031218_Daniel_offset/decay_curves/03
1218_nickel_58CO.pdf): PDF inclusion: multiple pdfs with page group included in
 a single page
>] (./peak_fit_plots.tex
<../../plots/031218_Daniel_offset/peak_fits/031218_EuCalib.pdf, id=588, 925.055
97pt x 346.89601pt>
File: ../../plots/031218_Daniel_offset/peak_fits/031218_EuCalib.pdf Graphic fil
e (type pdf)

<use ../../plots/031218_Daniel_offset/peak_fits/031218_EuCalib.pdf>
Package pdftex.def Info: ../../plots/031218_Daniel_offset/peak_fits/031218_EuCa
lib.pdf used on input line 2.
(pdftex.def)             Requested size: 510.0pt x 191.25389pt.

<../../plots/031218_Daniel_offset/peak_fits/031218_nickel.pdf, id=589, 925.0559
7pt x 346.89601pt>
File: ../../plots/031218_Daniel_offset/peak_fits/031218_nickel.pdf Graphic file
 (type pdf)

<use ../../plots/031218_Daniel_offset/peak_fits/031218_nickel.pdf>
Package pdftex.def Info: ../../plots/031218_Daniel_offset/peak_fits/031218_nick
el.pdf used on input line 8.
(pdftex.def)             Requested size: 510.0pt x 191.25389pt.
) [7]
[8 <../../plots/031218_Daniel_offset/peak_fits/031218_EuCalib.pdf> <../../plots
/031218_Daniel_offset/peak_fits/031218_nickel.pdf

pdfTeX warning: pdflatex (file ../../plots/031218_Daniel_offset/peak_fits/03121
8_nickel.pdf): PDF inclusion: multiple pdfs with page group included in a singl
e page
>]
Underfull \hbox (badness 10000) in paragraph at lines 393--394

 []

(./peak_table.tex)
No file 031218_Daniel_offset_report.bbl.
[9]
Package atveryend Info: Empty hook `AfterLastShipout' on input line 403.
 (./031218_Daniel_offset_report.aux)
Package atveryend Info: Executing hook `AtVeryEndDocument' on input line 403.
Package atveryend Info: Executing hook `AtEndAfterFileList' on input line 403.
Package rerunfilecheck Info: File `031218_Daniel_offset_report.out' has not cha
nged.
(rerunfilecheck)             Checksum: 4BEAA317CEACF857C444B3E1529E57BE;793.
 ) 
Here is how much of TeX's memory you used:
 8340 strings out of 494953
 119371 string characters out of 6180977
 323718 words of memory out of 5000000
 11401 multiletter control sequences out of 15000+600000
 16796 words of font info for 63 fonts, out of 8000000 for 9000
 14 hyphenation exceptions out of 8191
 34i,10n,28p,727b,430s stack positions out of 5000i,500n,10000p,200000b,80000s
</usr/share/texlive/texmf-dist/fonts/type1/public/amsfonts/cm/cmbx12.pfb></us
r/share/texlive/texmf-dist/fonts/type1/public/amsfonts/cm/cmbx9.pfb></usr/share
/texlive/texmf-dist/fonts/type1/public/amsfonts/cm/cmex10.pfb></usr/share/texli
ve/texmf-dist/fonts/type1/public/amsfonts/cm/cmmi10.pfb></usr/share/texlive/tex
mf-dist/fonts/type1/public/amsfonts/cm/cmmi5.pfb></usr/share/texlive/texmf-dist
/fonts/type1/public/amsfonts/cm/cmmi6.pfb></usr/share/texlive/texmf-dist/fonts/
type1/public/amsfonts/cm/cmmi7.pfb></usr/share/texlive/texmf-dist/fonts/type1/p
ublic/amsfonts/cm/cmmi9.pfb></usr/share/texlive/texmf-dist/fonts/type1/public/a
msfonts/cm/cmr10.pfb></usr/share/texlive/texmf-dist/fonts/type1/public/amsfonts
/cm/cmr5.pfb></usr/share/texlive/texmf-dist/fonts/type1/public/amsfonts/cm/cmr6
.pfb></usr/share/texlive/texmf-dist/fonts/type1/public/amsfonts/cm/cmr7.pfb></u
sr/share/texlive/texmf-dist/fonts/type1/public/amsfonts/cm/cmr8.pfb></usr/share
/texlive/texmf-dist/fonts/type1/public/amsfonts/cm/cmr9.pfb></usr/share/texlive
/texmf-dist/fonts/type1/public/amsfonts/cm/cmsy10.pfb></usr/share/texlive/texmf
-dist/fonts/type1/public/amsfonts/cm/cmsy5.pfb></usr/share/texlive/texmf-dist/f
onts/type1/public/amsfonts/cm/cmsy6.pfb></usr/share/texlive/texmf-dist/fonts/ty
pe1/public/amsfonts/cm/cmsy7.pfb></usr/share/texlive/texmf-dist/fonts/type1/pub
lic/amsfonts/cm/cmsy9.pfb></usr/share/texlive/texmf-dist/fonts/type1/public/ams
fonts/cm/cmti9.pfb></usr/share/texlive/texmf-dist/fonts/type1/public/amsfonts/c
m/cmtt10.pfb></usr/share/texlive/texmf-dist/fonts/type1/public/amsfonts/cm/cmtt
9.pfb>
Output written on 031218_Daniel_offset_report.pdf (9 pages, 576952 bytes).
PDF statistics:
 767 PDF objects out of 1000 (max. 8388607)
 307 compressed objects within 4 object streams
 54 named destinations out of 1000 (max. 500000)
 170 words of extra memory for PDF output out of 10000 (max. 10000000)

